Circuit: * C:\Users\Joakim\Documents\Elektronikk og synth\LTspice\Jupiter 6 filter debug 2.asc

WARNING: Less than two connections to node N038.  This node is used by R34.
WARNING: Less than two connections to node NC_11.  This node is used by R18.
WARNING: Less than two connections to node NC_13.  This node is used by Q:U7:N11.
WARNING: Less than two connections to node NC_16.  This node is used by Q:U15:N11.
Early termination of direct N-R iteration.
Direct Newton iteration failed to find .op point.  (Use ".option noopiter" to skip.)
Starting Gmin stepping
Gmin = 10
Gmin = 1.07374
Gmin = 0.115292
Gmin = 0.0123794
Gmin = 0.00132923
Gmin = 0.000142725
Gmin = 1.5325e-005
Gmin = 1.6455e-006
vernier = 0.5
vernier = 0.666667
Gmin = 6.16112e-007
vernier = 0.888888
vernier = 1
Gmin = 8.6905e-008
Gmin = 9.33136e-009
Gmin = 1.00195e-009
Gmin = 1.07583e-010
Gmin = 1.15517e-011
Gmin = 1.24035e-012
Gmin = 1.33182e-013
Gmin = 0
Gmin stepping succeeded in finding the operating point.


Date: Wed Oct 25 18:23:50 2017
Total elapsed time: 0.499 seconds.

tnom = 27
temp = 27
method = trap
totiter = 626
traniter = 0
tranpoints = 0
accept = 0
rejected = 0
matrix size = 171
fillins = 351
solver = Normal
Matrix Compiler1:    2110 opcodes
Matrix Compiler2: 24.42 KB object code size  5.9/5.1/[1.9]


